2026-01-14T14:10:35.883530Z  INFO tailwindcss_oxide::scanner: Provided sources:
2026-01-14T14:10:35.884411Z  INFO tailwindcss_oxide::scanner: Source: PublicSourceEntry { base: "E:\\ScriptGo", pattern: "**/*", negated: false }
2026-01-14T14:10:35.885065Z  INFO tailwindcss_oxide::scanner: Optimized sources:
2026-01-14T14:10:35.885087Z  INFO tailwindcss_oxide::scanner: Source: Auto { base: "E:\\ScriptGo" }
2026-01-14T14:10:35.887068Z  INFO scan_sources: tailwindcss_oxide::scanner: enter
2026-01-14T14:10:35.888452Z  INFO scan_sources: tailwindcss_oxide::scanner: Discovering "E:\\ScriptGo\\all_sites.json"
2026-01-14T14:10:35.888565Z  INFO scan_sources: tailwindcss_oxide::scanner: Discovering "E:\\ScriptGo\\app"
2026-01-14T14:10:35.889298Z  INFO scan_sources: tailwindcss_oxide::scanner: Discovering "E:\\ScriptGo\\app\\auth"
2026-01-14T14:10:35.889590Z  INFO scan_sources: tailwindcss_oxide::scanner: Discovering "E:\\ScriptGo\\app\\auth\\callback"
2026-01-14T14:10:35.889801Z  INFO scan_sources: tailwindcss_oxide::scanner: Discovering "E:\\ScriptGo\\app\\auth\\callback\\page.tsx"
2026-01-14T14:10:35.890012Z  INFO scan_sources: tailwindcss_oxide::scanner: Discovering "E:\\ScriptGo\\app\\calendar"
2026-01-14T14:10:35.890208Z  INFO scan_sources: tailwindcss_oxide::scanner: Discovering "E:\\ScriptGo\\app\\calendar\\actions.ts"
2026-01-14T14:10:35.890276Z  INFO scan_sources: tailwindcss_oxide::scanner: Discovering "E:\\ScriptGo\\app\\calendar\\page.tsx"
2026-01-14T14:10:35.890418Z  INFO scan_sources: tailwindcss_oxide::scanner: Discovering "E:\\ScriptGo\\app\\dashboard"
2026-01-14T14:10:35.890537Z  INFO scan_sources: tailwindcss_oxide::scanner: Discovering "E:\\ScriptGo\\app\\dashboard\\page.tsx"
2026-01-14T14:10:35.890646Z  INFO scan_sources: tailwindcss_oxide::scanner: Discovering "E:\\ScriptGo\\app\\editor"
2026-01-14T14:10:35.890798Z  INFO scan_sources: tailwindcss_oxide::scanner: Discovering "E:\\ScriptGo\\app\\editor\\actions.ts"
2026-01-14T14:10:35.890864Z  INFO scan_sources: tailwindcss_oxide::scanner: Discovering "E:\\ScriptGo\\app\\editor\\page.tsx"
2026-01-14T14:10:35.890961Z  INFO scan_sources: tailwindcss_oxide::scanner: Discovering "E:\\ScriptGo\\app\\globals.css"
2026-01-14T14:10:35.891021Z  INFO scan_sources: tailwindcss_oxide::scanner: Discovering "E:\\ScriptGo\\app\\layout.tsx"
2026-01-14T14:10:35.891106Z  INFO scan_sources: tailwindcss_oxide::scanner: Discovering "E:\\ScriptGo\\app\\login"
2026-01-14T14:10:35.891212Z  INFO scan_sources: tailwindcss_oxide::scanner: Discovering "E:\\ScriptGo\\app\\login\\actions.ts"
2026-01-14T14:10:35.891267Z  INFO scan_sources: tailwindcss_oxide::scanner: Discovering "E:\\ScriptGo\\app\\login\\page.tsx"
2026-01-14T14:10:35.891332Z  INFO scan_sources: tailwindcss_oxide::scanner: Discovering "E:\\ScriptGo\\app\\page.tsx"
2026-01-14T14:10:35.891599Z  INFO scan_sources: tailwindcss_oxide::scanner: Discovering "E:\\ScriptGo\\build_error_capture.txt"
2026-01-14T14:10:35.891664Z  INFO scan_sources: tailwindcss_oxide::scanner: Discovering "E:\\ScriptGo\\build_log.txt"
2026-01-14T14:10:35.891724Z  INFO scan_sources: tailwindcss_oxide::scanner: Discovering "E:\\ScriptGo\\build_log_v2.txt"
2026-01-14T14:10:35.891817Z  INFO scan_sources: tailwindcss_oxide::scanner: Discovering "E:\\ScriptGo\\components"
2026-01-14T14:10:35.891928Z  INFO scan_sources: tailwindcss_oxide::scanner: Discovering "E:\\ScriptGo\\components\\DemoSimulator.tsx"
2026-01-14T14:10:35.891979Z  INFO scan_sources: tailwindcss_oxide::scanner: Discovering "E:\\ScriptGo\\components\\Editor.tsx"
2026-01-14T14:10:35.892028Z  INFO scan_sources: tailwindcss_oxide::scanner: Discovering "E:\\ScriptGo\\components\\Header.tsx"
2026-01-14T14:10:35.892081Z  INFO scan_sources: tailwindcss_oxide::scanner: Discovering "E:\\ScriptGo\\components\\mode-toggle.tsx"
2026-01-14T14:10:35.892132Z  INFO scan_sources: tailwindcss_oxide::scanner: Discovering "E:\\ScriptGo\\components\\theme-picker.tsx"
2026-01-14T14:10:35.892183Z  INFO scan_sources: tailwindcss_oxide::scanner: Discovering "E:\\ScriptGo\\components\\theme-provider.tsx"
2026-01-14T14:10:35.892267Z  INFO scan_sources: tailwindcss_oxide::scanner: Discovering "E:\\ScriptGo\\deploy_output.txt"
2026-01-14T14:10:35.892378Z  INFO scan_sources: tailwindcss_oxide::scanner: Discovering "E:\\ScriptGo\\eslint.config.mjs"
2026-01-14T14:10:35.892435Z  INFO scan_sources: tailwindcss_oxide::scanner: Discovering "E:\\ScriptGo\\first_site.json"
2026-01-14T14:10:35.892494Z  INFO scan_sources: tailwindcss_oxide::scanner: Discovering "E:\\ScriptGo\\netlify.toml"
2026-01-14T14:10:35.892558Z  INFO scan_sources: tailwindcss_oxide::scanner: Discovering "E:\\ScriptGo\\next.config.js"
2026-01-14T14:10:35.892857Z  INFO scan_sources: tailwindcss_oxide::scanner: Discovering "E:\\ScriptGo\\package.json"
2026-01-14T14:10:35.892912Z  INFO scan_sources: tailwindcss_oxide::scanner: Discovering "E:\\ScriptGo\\postcss.config.mjs"
2026-01-14T14:10:35.892989Z  INFO scan_sources: tailwindcss_oxide::scanner: Discovering "E:\\ScriptGo\\public"
2026-01-14T14:10:35.893116Z  INFO scan_sources: tailwindcss_oxide::scanner: Discovering "E:\\ScriptGo\\public\\assets"
2026-01-14T14:10:35.893248Z  INFO scan_sources: tailwindcss_oxide::scanner: Discovering "E:\\ScriptGo\\public\\assets\\images"
2026-01-14T14:10:35.893427Z  INFO scan_sources: tailwindcss_oxide::scanner: Discovering "E:\\ScriptGo\\public\\file.svg"
2026-01-14T14:10:35.893481Z  INFO scan_sources: tailwindcss_oxide::scanner: Discovering "E:\\ScriptGo\\public\\globe.svg"
2026-01-14T14:10:35.893546Z  INFO scan_sources: tailwindcss_oxide::scanner: Discovering "E:\\ScriptGo\\public\\next.svg"
2026-01-14T14:10:35.893598Z  INFO scan_sources: tailwindcss_oxide::scanner: Discovering "E:\\ScriptGo\\public\\vercel.svg"
2026-01-14T14:10:35.893650Z  INFO scan_sources: tailwindcss_oxide::scanner: Discovering "E:\\ScriptGo\\public\\window.svg"
2026-01-14T14:10:35.893721Z  INFO scan_sources: tailwindcss_oxide::scanner: Discovering "E:\\ScriptGo\\README.md"
2026-01-14T14:10:35.893782Z  INFO scan_sources: tailwindcss_oxide::scanner: Discovering "E:\\ScriptGo\\sites.json"
2026-01-14T14:10:35.893831Z  INFO scan_sources: tailwindcss_oxide::scanner: Discovering "E:\\ScriptGo\\sites.txt"
2026-01-14T14:10:35.893880Z  INFO scan_sources: tailwindcss_oxide::scanner: Discovering "E:\\ScriptGo\\sites_api.txt"
2026-01-14T14:10:35.893928Z  INFO scan_sources: tailwindcss_oxide::scanner: Discovering "E:\\ScriptGo\\sites_ascii.txt"
2026-01-14T14:10:35.893979Z  INFO scan_sources: tailwindcss_oxide::scanner: Discovering "E:\\ScriptGo\\sites_clean.json"
2026-01-14T14:10:35.894027Z  INFO scan_sources: tailwindcss_oxide::scanner: Discovering "E:\\ScriptGo\\sites_full.txt"
2026-01-14T14:10:35.894077Z  INFO scan_sources: tailwindcss_oxide::scanner: Discovering "E:\\ScriptGo\\sites_list.json"
2026-01-14T14:10:35.894127Z  INFO scan_sources: tailwindcss_oxide::scanner: Discovering "E:\\ScriptGo\\site_info.json"
2026-01-14T14:10:35.894175Z  INFO scan_sources: tailwindcss_oxide::scanner: Discovering "E:\\ScriptGo\\status.json"
2026-01-14T14:10:35.894224Z  INFO scan_sources: tailwindcss_oxide::scanner: Discovering "E:\\ScriptGo\\status.txt"
2026-01-14T14:10:35.894282Z  INFO scan_sources: tailwindcss_oxide::scanner: Discovering "E:\\ScriptGo\\status_cmd.txt"
2026-01-14T14:10:35.894344Z  INFO scan_sources: tailwindcss_oxide::scanner: Discovering "E:\\ScriptGo\\status_full.txt"
2026-01-14T14:10:35.894395Z  INFO scan_sources: tailwindcss_oxide::scanner: Discovering "E:\\ScriptGo\\status_json.json"
2026-01-14T14:10:35.894447Z  INFO scan_sources: tailwindcss_oxide::scanner: Discovering "E:\\ScriptGo\\status_output.txt"
2026-01-14T14:10:35.894506Z  INFO scan_sources: tailwindcss_oxide::scanner: Discovering "E:\\ScriptGo\\tsconfig.json"
2026-01-14T14:10:35.894588Z  INFO scan_sources: tailwindcss_oxide::scanner: Discovering "E:\\ScriptGo\\utils"
2026-01-14T14:10:35.894721Z  INFO scan_sources: tailwindcss_oxide::scanner: Discovering "E:\\ScriptGo\\utils\\supabase"
2026-01-14T14:10:35.894823Z  INFO scan_sources: tailwindcss_oxide::scanner: Discovering "E:\\ScriptGo\\utils\\supabase\\client.ts"
2026-01-14T14:10:35.894875Z  INFO scan_sources: tailwindcss_oxide::scanner: Discovering "E:\\ScriptGo\\utils\\supabase\\middleware.ts"
2026-01-14T14:10:35.894969Z  INFO scan_sources: tailwindcss_oxide::scanner: Discovering "E:\\ScriptGo\\utils\\supabase\\server.ts"
2026-01-14T14:10:35.895110Z  INFO scan_sources: tailwindcss_oxide::scanner: exit
2026-01-14T14:10:35.895123Z  INFO extract_candidates: tailwindcss_oxide::scanner: enter
2026-01-14T14:10:35.895131Z  INFO extract_candidates:read_all_files: tailwindcss_oxide::scanner: enter
2026-01-14T14:10:35.895137Z  INFO extract_candidates:read_all_files: tailwindcss_oxide::scanner: Reading 51 file(s)
2026-01-14T14:10:35.895622Z  INFO tailwindcss_oxide::scanner: Reading "E:\\ScriptGo\\all_sites.json"
2026-01-14T14:10:35.895707Z  INFO tailwindcss_oxide::scanner: Reading "E:\\ScriptGo\\package.json"
2026-01-14T14:10:35.895786Z  INFO tailwindcss_oxide::scanner: Reading "E:\\ScriptGo\\build_log.txt"
2026-01-14T14:10:35.895830Z  INFO tailwindcss_oxide::scanner: Reading "E:\\ScriptGo\\components\\theme-picker.tsx"
2026-01-14T14:10:35.895869Z  INFO tailwindcss_oxide::scanner: Reading "E:\\ScriptGo\\app\\auth\\callback\\page.tsx"
2026-01-14T14:10:35.895903Z  INFO tailwindcss_oxide::scanner: Reading "E:\\ScriptGo\\build_log_v2.txt"
2026-01-14T14:10:35.895914Z  INFO tailwindcss_oxide::scanner: Reading "E:\\ScriptGo\\components\\theme-provider.tsx"
2026-01-14T14:10:35.895933Z  INFO tailwindcss_oxide::scanner: Reading "E:\\ScriptGo\\postcss.config.mjs"
2026-01-14T14:10:35.895951Z  INFO tailwindcss_oxide::scanner: Reading "E:\\ScriptGo\\app\\editor\\page.tsx"
2026-01-14T14:10:35.895974Z  INFO tailwindcss_oxide::scanner: Reading "E:\\ScriptGo\\app\\calendar\\actions.ts"
2026-01-14T14:10:35.896006Z  INFO tailwindcss_oxide::scanner: Reading "E:\\ScriptGo\\deploy_output.txt"
2026-01-14T14:10:35.896019Z  INFO tailwindcss_oxide::scanner: Reading "E:\\ScriptGo\\components\\DemoSimulator.tsx"
2026-01-14T14:10:35.896035Z  INFO tailwindcss_oxide::scanner: Reading "E:\\ScriptGo\\app\\login\\page.tsx"
2026-01-14T14:10:35.896077Z  INFO tailwindcss_oxide::scanner: Reading "E:\\ScriptGo\\app\\layout.tsx"
2026-01-14T14:10:35.896091Z  INFO tailwindcss_oxide::scanner: Reading "E:\\ScriptGo\\app\\calendar\\page.tsx"
2026-01-14T14:10:35.896113Z  INFO tailwindcss_oxide::scanner: Reading "E:\\ScriptGo\\eslint.config.mjs"
2026-01-14T14:10:35.896133Z  INFO tailwindcss_oxide::scanner: Reading "E:\\ScriptGo\\components\\Editor.tsx"
2026-01-14T14:10:35.896133Z  INFO tailwindcss_oxide::scanner: Reading "E:\\ScriptGo\\app\\page.tsx"
2026-01-14T14:10:35.896157Z  INFO tailwindcss_oxide::scanner: Reading "E:\\ScriptGo\\app\\login\\actions.ts"
2026-01-14T14:10:35.896171Z  INFO tailwindcss_oxide::scanner: Reading "E:\\ScriptGo\\first_site.json"
2026-01-14T14:10:35.896181Z  INFO tailwindcss_oxide::scanner: Reading "E:\\ScriptGo\\components\\Header.tsx"
2026-01-14T14:10:35.896217Z  INFO tailwindcss_oxide::scanner: Reading "E:\\ScriptGo\\app\\dashboard\\page.tsx"
2026-01-14T14:10:35.896237Z  INFO tailwindcss_oxide::scanner: Reading "E:\\ScriptGo\\next.config.js"
2026-01-14T14:10:35.896239Z  INFO tailwindcss_oxide::scanner: Reading "E:\\ScriptGo\\netlify.toml"
2026-01-14T14:10:35.896246Z  INFO tailwindcss_oxide::scanner: Reading "E:\\ScriptGo\\build_error_capture.txt"
2026-01-14T14:10:35.896263Z  INFO tailwindcss_oxide::scanner: Reading "E:\\ScriptGo\\app\\editor\\actions.ts"
2026-01-14T14:10:35.896275Z  INFO tailwindcss_oxide::scanner: Reading "E:\\ScriptGo\\components\\mode-toggle.tsx"
2026-01-14T14:10:35.896337Z  INFO tailwindcss_oxide::scanner: Reading "E:\\ScriptGo\\status.json"
2026-01-14T14:10:35.896343Z  INFO tailwindcss_oxide::scanner: Reading "E:\\ScriptGo\\site_info.json"
2026-01-14T14:10:35.896331Z  INFO tailwindcss_oxide::scanner: Reading "E:\\ScriptGo\\sites_full.txt"
2026-01-14T14:10:35.896359Z  INFO tailwindcss_oxide::scanner: Reading "E:\\ScriptGo\\status.txt"
2026-01-14T14:10:35.896336Z  INFO tailwindcss_oxide::scanner: Reading "E:\\ScriptGo\\status_full.txt"
2026-01-14T14:10:35.896385Z  INFO tailwindcss_oxide::scanner: Reading "E:\\ScriptGo\\sites_list.json"
2026-01-14T14:10:35.896366Z  INFO tailwindcss_oxide::scanner: Reading "E:\\ScriptGo\\public\\file.svg"
2026-01-14T14:10:35.896440Z  INFO tailwindcss_oxide::scanner: Reading "E:\\ScriptGo\\tsconfig.json"
2026-01-14T14:10:35.896456Z  INFO tailwindcss_oxide::scanner: Reading "E:\\ScriptGo\\status_json.json"
2026-01-14T14:10:35.896459Z  INFO tailwindcss_oxide::scanner: Reading "E:\\ScriptGo\\status_cmd.txt"
2026-01-14T14:10:35.896467Z  INFO tailwindcss_oxide::scanner: Reading "E:\\ScriptGo\\utils\\supabase\\middleware.ts"
2026-01-14T14:10:35.896498Z  INFO tailwindcss_oxide::scanner: Reading "E:\\ScriptGo\\utils\\supabase\\client.ts"
2026-01-14T14:10:35.896514Z  INFO tailwindcss_oxide::scanner: Reading "E:\\ScriptGo\\public\\globe.svg"
2026-01-14T14:10:35.896538Z  INFO tailwindcss_oxide::scanner: Reading "E:\\ScriptGo\\status_output.txt"
2026-01-14T14:10:35.896544Z  INFO tailwindcss_oxide::scanner: Reading "E:\\ScriptGo\\sites.txt"
2026-01-14T14:10:35.896551Z  INFO tailwindcss_oxide::scanner: Reading "E:\\ScriptGo\\public\\window.svg"
2026-01-14T14:10:35.896580Z  INFO tailwindcss_oxide::scanner: Reading "E:\\ScriptGo\\README.md"
2026-01-14T14:10:35.896593Z  INFO tailwindcss_oxide::scanner: Reading "E:\\ScriptGo\\utils\\supabase\\server.ts"
2026-01-14T14:10:35.896601Z  INFO tailwindcss_oxide::scanner: Reading "E:\\ScriptGo\\public\\next.svg"
2026-01-14T14:10:35.896614Z  INFO tailwindcss_oxide::scanner: Reading "E:\\ScriptGo\\sites.json"
2026-01-14T14:10:35.896615Z  INFO tailwindcss_oxide::scanner: Reading "E:\\ScriptGo\\public\\vercel.svg"
2026-01-14T14:10:35.896637Z  INFO tailwindcss_oxide::scanner: Reading "E:\\ScriptGo\\sites_ascii.txt"
2026-01-14T14:10:35.896640Z  INFO tailwindcss_oxide::scanner: Reading "E:\\ScriptGo\\sites_api.txt"
2026-01-14T14:10:35.896682Z  INFO tailwindcss_oxide::scanner: Reading "E:\\ScriptGo\\sites_clean.json"
2026-01-14T14:10:35.896917Z  INFO extract_candidates:read_all_files: tailwindcss_oxide::scanner: exit
2026-01-14T14:10:35.896937Z  INFO extract_candidates:parse_all_blobs: tailwindcss_oxide::scanner: enter
2026-01-14T14:10:35.896944Z  INFO extract_candidates:parse_all_blobs:extract: tailwindcss_oxide::scanner: enter
2026-01-14T14:10:35.900443Z  INFO extract_candidates:parse_all_blobs:extract: tailwindcss_oxide::scanner: exit
2026-01-14T14:10:35.900478Z  INFO extract_candidates:parse_all_blobs: tailwindcss_oxide::scanner: exit
2026-01-14T14:10:35.900484Z  INFO extract_candidates:read_all_files: tailwindcss_oxide::scanner: enter
2026-01-14T14:10:35.900488Z  INFO extract_candidates:read_all_files: tailwindcss_oxide::scanner: Reading 1 file(s)
2026-01-14T14:10:35.900610Z  INFO extract_candidates:read_all_files: tailwindcss_oxide::scanner: Reading "E:\\ScriptGo\\app\\globals.css"
2026-01-14T14:10:35.900625Z  INFO extract_candidates:read_all_files: tailwindcss_oxide::scanner: exit
2026-01-14T14:10:35.900637Z  INFO extract_candidates:extract_css_variables: tailwindcss_oxide::scanner: enter
2026-01-14T14:10:35.900642Z  INFO extract_candidates:extract_css_variables:extract: tailwindcss_oxide::scanner: enter
2026-01-14T14:10:35.900831Z  INFO extract_candidates:extract_css_variables:extract: tailwindcss_oxide::scanner: exit
2026-01-14T14:10:35.900854Z  INFO extract_candidates:extract_css_variables: tailwindcss_oxide::scanner: exit
2026-01-14T14:10:35.901686Z  INFO extract_candidates: tailwindcss_oxide::scanner: exit
2026-01-14T14:10:35.903060Z  INFO get_files: tailwindcss_oxide::scanner: enter
2026-01-14T14:10:35.903079Z  INFO get_files:scan_sources: tailwindcss_oxide::scanner: enter
2026-01-14T14:10:35.904975Z  INFO get_files:scan_sources: tailwindcss_oxide::scanner: Discovering "E:\\ScriptGo\\app"
2026-01-14T14:10:35.905183Z  INFO get_files:scan_sources: tailwindcss_oxide::scanner: Discovering "E:\\ScriptGo\\app\\auth"
2026-01-14T14:10:35.905529Z  INFO get_files:scan_sources: tailwindcss_oxide::scanner: Discovering "E:\\ScriptGo\\app\\auth\\callback"
2026-01-14T14:10:35.906028Z  INFO get_files:scan_sources: tailwindcss_oxide::scanner: Discovering "E:\\ScriptGo\\app\\calendar"
2026-01-14T14:10:35.906419Z  INFO get_files:scan_sources: tailwindcss_oxide::scanner: Discovering "E:\\ScriptGo\\app\\dashboard"
2026-01-14T14:10:35.906927Z  INFO get_files:scan_sources: tailwindcss_oxide::scanner: Discovering "E:\\ScriptGo\\app\\editor"
2026-01-14T14:10:35.907356Z  INFO get_files:scan_sources: tailwindcss_oxide::scanner: Discovering "E:\\ScriptGo\\app\\login"
2026-01-14T14:10:35.907932Z  INFO get_files:scan_sources: tailwindcss_oxide::scanner: Discovering "E:\\ScriptGo\\components"
2026-01-14T14:10:35.909029Z  INFO get_files:scan_sources: tailwindcss_oxide::scanner: Discovering "E:\\ScriptGo\\public"
2026-01-14T14:10:35.909217Z  INFO get_files:scan_sources: tailwindcss_oxide::scanner: Discovering "E:\\ScriptGo\\public\\assets"
2026-01-14T14:10:35.909403Z  INFO get_files:scan_sources: tailwindcss_oxide::scanner: Discovering "E:\\ScriptGo\\public\\assets\\images"
2026-01-14T14:10:35.910648Z  INFO get_files:scan_sources: tailwindcss_oxide::scanner: Discovering "E:\\ScriptGo\\utils"
2026-01-14T14:10:35.910861Z  INFO get_files:scan_sources: tailwindcss_oxide::scanner: Discovering "E:\\ScriptGo\\utils\\supabase"
2026-01-14T14:10:35.911222Z  INFO get_files:scan_sources: tailwindcss_oxide::scanner: exit
2026-01-14T14:10:35.911346Z  INFO get_files: tailwindcss_oxide::scanner: exit
2026-01-14T14:10:35.911636Z  INFO get_globs: tailwindcss_oxide::scanner: enter
2026-01-14T14:10:35.911648Z  INFO get_globs:scan_sources: tailwindcss_oxide::scanner: enter
2026-01-14T14:10:35.913427Z  INFO get_globs:scan_sources: tailwindcss_oxide::scanner: Discovering "E:\\ScriptGo\\app"
2026-01-14T14:10:35.913642Z  INFO get_globs:scan_sources: tailwindcss_oxide::scanner: Discovering "E:\\ScriptGo\\app\\auth"
2026-01-14T14:10:35.913834Z  INFO get_globs:scan_sources: tailwindcss_oxide::scanner: Discovering "E:\\ScriptGo\\app\\auth\\callback"
2026-01-14T14:10:35.914112Z  INFO get_globs:scan_sources: tailwindcss_oxide::scanner: Discovering "E:\\ScriptGo\\app\\calendar"
2026-01-14T14:10:35.914405Z  INFO get_globs:scan_sources: tailwindcss_oxide::scanner: Discovering "E:\\ScriptGo\\app\\dashboard"
2026-01-14T14:10:35.914661Z  INFO get_globs:scan_sources: tailwindcss_oxide::scanner: Discovering "E:\\ScriptGo\\app\\editor"
2026-01-14T14:10:35.915113Z  INFO get_globs:scan_sources: tailwindcss_oxide::scanner: Discovering "E:\\ScriptGo\\app\\login"
2026-01-14T14:10:35.915821Z  INFO get_globs:scan_sources: tailwindcss_oxide::scanner: Discovering "E:\\ScriptGo\\components"
2026-01-14T14:10:35.916610Z  INFO get_globs:scan_sources: tailwindcss_oxide::scanner: Discovering "E:\\ScriptGo\\public"
2026-01-14T14:10:35.916743Z  INFO get_globs:scan_sources: tailwindcss_oxide::scanner: Discovering "E:\\ScriptGo\\public\\assets"
2026-01-14T14:10:35.916870Z  INFO get_globs:scan_sources: tailwindcss_oxide::scanner: Discovering "E:\\ScriptGo\\public\\assets\\images"
2026-01-14T14:10:35.917639Z  INFO get_globs:scan_sources: tailwindcss_oxide::scanner: Discovering "E:\\ScriptGo\\utils"
2026-01-14T14:10:35.917773Z  INFO get_globs:scan_sources: tailwindcss_oxide::scanner: Discovering "E:\\ScriptGo\\utils\\supabase"
2026-01-14T14:10:35.918026Z  INFO get_globs:scan_sources: tailwindcss_oxide::scanner: exit
2026-01-14T14:10:35.931466Z  INFO get_globs: tailwindcss_oxide::scanner: exit
