2026-01-14T02:36:32.076399Z  INFO tailwindcss_oxide::scanner: Provided sources:
2026-01-14T02:36:32.078018Z  INFO tailwindcss_oxide::scanner: Source: PublicSourceEntry { base: "E:\\ScriptGo", pattern: "**/*", negated: false }
2026-01-14T02:36:32.079397Z  INFO tailwindcss_oxide::scanner: Optimized sources:
2026-01-14T02:36:32.079468Z  INFO tailwindcss_oxide::scanner: Source: Auto { base: "E:\\ScriptGo" }
2026-01-14T02:36:32.085388Z  INFO scan_sources: tailwindcss_oxide::scanner: enter
2026-01-14T02:36:32.091098Z  INFO scan_sources: tailwindcss_oxide::scanner: Discovering "E:\\ScriptGo\\all_sites.json"
2026-01-14T02:36:32.091578Z  INFO scan_sources: tailwindcss_oxide::scanner: Discovering "E:\\ScriptGo\\app"
2026-01-14T02:36:32.092676Z  INFO scan_sources: tailwindcss_oxide::scanner: Discovering "E:\\ScriptGo\\app\\auth"
2026-01-14T02:36:32.093228Z  INFO scan_sources: tailwindcss_oxide::scanner: Discovering "E:\\ScriptGo\\app\\auth\\callback"
2026-01-14T02:36:32.093753Z  INFO scan_sources: tailwindcss_oxide::scanner: Discovering "E:\\ScriptGo\\app\\auth\\callback\\page.tsx"
2026-01-14T02:36:32.094185Z  INFO scan_sources: tailwindcss_oxide::scanner: Discovering "E:\\ScriptGo\\app\\calendar"
2026-01-14T02:36:32.094581Z  INFO scan_sources: tailwindcss_oxide::scanner: Discovering "E:\\ScriptGo\\app\\calendar\\actions.ts"
2026-01-14T02:36:32.094833Z  INFO scan_sources: tailwindcss_oxide::scanner: Discovering "E:\\ScriptGo\\app\\calendar\\page.tsx"
2026-01-14T02:36:32.095192Z  INFO scan_sources: tailwindcss_oxide::scanner: Discovering "E:\\ScriptGo\\app\\dashboard"
2026-01-14T02:36:32.095614Z  INFO scan_sources: tailwindcss_oxide::scanner: Discovering "E:\\ScriptGo\\app\\dashboard\\page.tsx"
2026-01-14T02:36:32.096001Z  INFO scan_sources: tailwindcss_oxide::scanner: Discovering "E:\\ScriptGo\\app\\editor"
2026-01-14T02:36:32.096352Z  INFO scan_sources: tailwindcss_oxide::scanner: Discovering "E:\\ScriptGo\\app\\editor\\actions.ts"
2026-01-14T02:36:32.096544Z  INFO scan_sources: tailwindcss_oxide::scanner: Discovering "E:\\ScriptGo\\app\\editor\\page.tsx"
2026-01-14T02:36:32.096830Z  INFO scan_sources: tailwindcss_oxide::scanner: Discovering "E:\\ScriptGo\\app\\globals.css"
2026-01-14T02:36:32.097028Z  INFO scan_sources: tailwindcss_oxide::scanner: Discovering "E:\\ScriptGo\\app\\layout.tsx"
2026-01-14T02:36:32.097298Z  INFO scan_sources: tailwindcss_oxide::scanner: Discovering "E:\\ScriptGo\\app\\login"
2026-01-14T02:36:32.097674Z  INFO scan_sources: tailwindcss_oxide::scanner: Discovering "E:\\ScriptGo\\app\\login\\actions.ts"
2026-01-14T02:36:32.097880Z  INFO scan_sources: tailwindcss_oxide::scanner: Discovering "E:\\ScriptGo\\app\\login\\page.tsx"
2026-01-14T02:36:32.098111Z  INFO scan_sources: tailwindcss_oxide::scanner: Discovering "E:\\ScriptGo\\app\\page.tsx"
2026-01-14T02:36:32.098504Z  INFO scan_sources: tailwindcss_oxide::scanner: Discovering "E:\\ScriptGo\\components"
2026-01-14T02:36:32.098919Z  INFO scan_sources: tailwindcss_oxide::scanner: Discovering "E:\\ScriptGo\\components\\DemoSimulator.tsx"
2026-01-14T02:36:32.099097Z  INFO scan_sources: tailwindcss_oxide::scanner: Discovering "E:\\ScriptGo\\components\\Editor.tsx"
2026-01-14T02:36:32.099440Z  INFO scan_sources: tailwindcss_oxide::scanner: Discovering "E:\\ScriptGo\\components\\Header.tsx"
2026-01-14T02:36:32.099733Z  INFO scan_sources: tailwindcss_oxide::scanner: Discovering "E:\\ScriptGo\\components\\mode-toggle.tsx"
2026-01-14T02:36:32.099934Z  INFO scan_sources: tailwindcss_oxide::scanner: Discovering "E:\\ScriptGo\\components\\theme-picker.tsx"
2026-01-14T02:36:32.100118Z  INFO scan_sources: tailwindcss_oxide::scanner: Discovering "E:\\ScriptGo\\components\\theme-provider.tsx"
2026-01-14T02:36:32.100411Z  INFO scan_sources: tailwindcss_oxide::scanner: Discovering "E:\\ScriptGo\\eslint.config.mjs"
2026-01-14T02:36:32.100597Z  INFO scan_sources: tailwindcss_oxide::scanner: Discovering "E:\\ScriptGo\\first_site.json"
2026-01-14T02:36:32.100758Z  INFO scan_sources: tailwindcss_oxide::scanner: Discovering "E:\\ScriptGo\\netlify.toml"
2026-01-14T02:36:32.100898Z  INFO scan_sources: tailwindcss_oxide::scanner: Discovering "E:\\ScriptGo\\next.config.js"
2026-01-14T02:36:32.101770Z  INFO scan_sources: tailwindcss_oxide::scanner: Discovering "E:\\ScriptGo\\package.json"
2026-01-14T02:36:32.101913Z  INFO scan_sources: tailwindcss_oxide::scanner: Discovering "E:\\ScriptGo\\postcss.config.mjs"
2026-01-14T02:36:32.102102Z  INFO scan_sources: tailwindcss_oxide::scanner: Discovering "E:\\ScriptGo\\public"
2026-01-14T02:36:32.102367Z  INFO scan_sources: tailwindcss_oxide::scanner: Discovering "E:\\ScriptGo\\public\\file.svg"
2026-01-14T02:36:32.102487Z  INFO scan_sources: tailwindcss_oxide::scanner: Discovering "E:\\ScriptGo\\public\\globe.svg"
2026-01-14T02:36:32.102606Z  INFO scan_sources: tailwindcss_oxide::scanner: Discovering "E:\\ScriptGo\\public\\next.svg"
2026-01-14T02:36:32.102727Z  INFO scan_sources: tailwindcss_oxide::scanner: Discovering "E:\\ScriptGo\\public\\vercel.svg"
2026-01-14T02:36:32.102854Z  INFO scan_sources: tailwindcss_oxide::scanner: Discovering "E:\\ScriptGo\\public\\window.svg"
2026-01-14T02:36:32.103035Z  INFO scan_sources: tailwindcss_oxide::scanner: Discovering "E:\\ScriptGo\\README.md"
2026-01-14T02:36:32.103157Z  INFO scan_sources: tailwindcss_oxide::scanner: Discovering "E:\\ScriptGo\\sites.json"
2026-01-14T02:36:32.103276Z  INFO scan_sources: tailwindcss_oxide::scanner: Discovering "E:\\ScriptGo\\sites.txt"
2026-01-14T02:36:32.103392Z  INFO scan_sources: tailwindcss_oxide::scanner: Discovering "E:\\ScriptGo\\sites_api.txt"
2026-01-14T02:36:32.103509Z  INFO scan_sources: tailwindcss_oxide::scanner: Discovering "E:\\ScriptGo\\sites_ascii.txt"
2026-01-14T02:36:32.103643Z  INFO scan_sources: tailwindcss_oxide::scanner: Discovering "E:\\ScriptGo\\sites_clean.json"
2026-01-14T02:36:32.103762Z  INFO scan_sources: tailwindcss_oxide::scanner: Discovering "E:\\ScriptGo\\sites_full.txt"
2026-01-14T02:36:32.103876Z  INFO scan_sources: tailwindcss_oxide::scanner: Discovering "E:\\ScriptGo\\sites_list.json"
2026-01-14T02:36:32.103989Z  INFO scan_sources: tailwindcss_oxide::scanner: Discovering "E:\\ScriptGo\\site_info.json"
2026-01-14T02:36:32.104102Z  INFO scan_sources: tailwindcss_oxide::scanner: Discovering "E:\\ScriptGo\\status.json"
2026-01-14T02:36:32.104214Z  INFO scan_sources: tailwindcss_oxide::scanner: Discovering "E:\\ScriptGo\\status.txt"
2026-01-14T02:36:32.104362Z  INFO scan_sources: tailwindcss_oxide::scanner: Discovering "E:\\ScriptGo\\status_cmd.txt"
2026-01-14T02:36:32.104488Z  INFO scan_sources: tailwindcss_oxide::scanner: Discovering "E:\\ScriptGo\\status_full.txt"
2026-01-14T02:36:32.104603Z  INFO scan_sources: tailwindcss_oxide::scanner: Discovering "E:\\ScriptGo\\status_json.json"
2026-01-14T02:36:32.104733Z  INFO scan_sources: tailwindcss_oxide::scanner: Discovering "E:\\ScriptGo\\status_output.txt"
2026-01-14T02:36:32.104861Z  INFO scan_sources: tailwindcss_oxide::scanner: Discovering "E:\\ScriptGo\\tsconfig.json"
2026-01-14T02:36:32.105078Z  INFO scan_sources: tailwindcss_oxide::scanner: Discovering "E:\\ScriptGo\\utils"
2026-01-14T02:36:32.105386Z  INFO scan_sources: tailwindcss_oxide::scanner: Discovering "E:\\ScriptGo\\utils\\supabase"
2026-01-14T02:36:32.105635Z  INFO scan_sources: tailwindcss_oxide::scanner: Discovering "E:\\ScriptGo\\utils\\supabase\\client.ts"
2026-01-14T02:36:32.105764Z  INFO scan_sources: tailwindcss_oxide::scanner: Discovering "E:\\ScriptGo\\utils\\supabase\\middleware.ts"
2026-01-14T02:36:32.105893Z  INFO scan_sources: tailwindcss_oxide::scanner: Discovering "E:\\ScriptGo\\utils\\supabase\\server.ts"
2026-01-14T02:36:32.106347Z  INFO scan_sources: tailwindcss_oxide::scanner: exit
2026-01-14T02:36:32.106373Z  INFO extract_candidates: tailwindcss_oxide::scanner: enter
2026-01-14T02:36:32.106391Z  INFO extract_candidates:read_all_files: tailwindcss_oxide::scanner: enter
2026-01-14T02:36:32.106405Z  INFO extract_candidates:read_all_files: tailwindcss_oxide::scanner: Reading 47 file(s)
2026-01-14T02:36:32.107750Z  INFO tailwindcss_oxide::scanner: Reading "E:\\ScriptGo\\all_sites.json"
2026-01-14T02:36:32.107759Z  INFO tailwindcss_oxide::scanner: Reading "E:\\ScriptGo\\public\\file.svg"
2026-01-14T02:36:32.108076Z  INFO tailwindcss_oxide::scanner: Reading "E:\\ScriptGo\\components\\DemoSimulator.tsx"
2026-01-14T02:36:32.108201Z  INFO tailwindcss_oxide::scanner: Reading "E:\\ScriptGo\\public\\globe.svg"
2026-01-14T02:36:32.108367Z  INFO tailwindcss_oxide::scanner: Reading "E:\\ScriptGo\\components\\Editor.tsx"
2026-01-14T02:36:32.108430Z  INFO tailwindcss_oxide::scanner: Reading "E:\\ScriptGo\\eslint.config.mjs"
2026-01-14T02:36:32.108470Z  INFO tailwindcss_oxide::scanner: Reading "E:\\ScriptGo\\public\\next.svg"
2026-01-14T02:36:32.108434Z  INFO tailwindcss_oxide::scanner: Reading "E:\\ScriptGo\\app\\auth\\callback\\page.tsx"
2026-01-14T02:36:32.108567Z  INFO tailwindcss_oxide::scanner: Reading "E:\\ScriptGo\\sites_list.json"
2026-01-14T02:36:32.108625Z  INFO tailwindcss_oxide::scanner: Reading "E:\\ScriptGo\\components\\Header.tsx"
2026-01-14T02:36:32.108641Z  INFO tailwindcss_oxide::scanner: Reading "E:\\ScriptGo\\first_site.json"
2026-01-14T02:36:32.108690Z  INFO tailwindcss_oxide::scanner: Reading "E:\\ScriptGo\\next.config.js"
2026-01-14T02:36:32.108745Z  INFO tailwindcss_oxide::scanner: Reading "E:\\ScriptGo\\public\\vercel.svg"
2026-01-14T02:36:32.108754Z  INFO tailwindcss_oxide::scanner: Reading "E:\\ScriptGo\\app\\calendar\\actions.ts"
2026-01-14T02:36:32.108876Z  INFO tailwindcss_oxide::scanner: Reading "E:\\ScriptGo\\components\\mode-toggle.tsx"
2026-01-14T02:36:32.108971Z  INFO tailwindcss_oxide::scanner: Reading "E:\\ScriptGo\\netlify.toml"
2026-01-14T02:36:32.109026Z  INFO tailwindcss_oxide::scanner: Reading "E:\\ScriptGo\\package.json"
2026-01-14T02:36:32.109180Z  INFO tailwindcss_oxide::scanner: Reading "E:\\ScriptGo\\components\\theme-picker.tsx"
2026-01-14T02:36:32.109184Z  INFO tailwindcss_oxide::scanner: Reading "E:\\ScriptGo\\postcss.config.mjs"
2026-01-14T02:36:32.109215Z  INFO tailwindcss_oxide::scanner: Reading "E:\\ScriptGo\\site_info.json"
2026-01-14T02:36:32.109254Z  INFO tailwindcss_oxide::scanner: Reading "E:\\ScriptGo\\status_json.json"
2026-01-14T02:36:32.109289Z  INFO tailwindcss_oxide::scanner: Reading "E:\\ScriptGo\\utils\\supabase\\client.ts"
2026-01-14T02:36:32.109417Z  INFO tailwindcss_oxide::scanner: Reading "E:\\ScriptGo\\sites.json"
2026-01-14T02:36:32.109446Z  INFO tailwindcss_oxide::scanner: Reading "E:\\ScriptGo\\utils\\supabase\\middleware.ts"
2026-01-14T02:36:32.109479Z  INFO tailwindcss_oxide::scanner: Reading "E:\\ScriptGo\\status.json"
2026-01-14T02:36:32.109505Z  INFO tailwindcss_oxide::scanner: Reading "E:\\ScriptGo\\status_output.txt"
2026-01-14T02:36:32.109624Z  INFO tailwindcss_oxide::scanner: Reading "E:\\ScriptGo\\public\\window.svg"
2026-01-14T02:36:32.109594Z  INFO tailwindcss_oxide::scanner: Reading "E:\\ScriptGo\\tsconfig.json"
2026-01-14T02:36:32.109756Z  INFO tailwindcss_oxide::scanner: Reading "E:\\ScriptGo\\app\\calendar\\page.tsx"
2026-01-14T02:36:32.109777Z  INFO tailwindcss_oxide::scanner: Reading "E:\\ScriptGo\\components\\theme-provider.tsx"
2026-01-14T02:36:32.109783Z  INFO tailwindcss_oxide::scanner: Reading "E:\\ScriptGo\\sites_ascii.txt"
2026-01-14T02:36:32.109938Z  INFO tailwindcss_oxide::scanner: Reading "E:\\ScriptGo\\sites.txt"
2026-01-14T02:36:32.109662Z  INFO tailwindcss_oxide::scanner: Reading "E:\\ScriptGo\\utils\\supabase\\server.ts"
2026-01-14T02:36:32.110238Z  INFO tailwindcss_oxide::scanner: Reading "E:\\ScriptGo\\sites_clean.json"
2026-01-14T02:36:32.110251Z  INFO tailwindcss_oxide::scanner: Reading "E:\\ScriptGo\\sites_api.txt"
2026-01-14T02:36:32.110303Z  INFO tailwindcss_oxide::scanner: Reading "E:\\ScriptGo\\status_full.txt"
2026-01-14T02:36:32.110333Z  INFO tailwindcss_oxide::scanner: Reading "E:\\ScriptGo\\app\\dashboard\\page.tsx"
2026-01-14T02:36:32.110019Z  INFO tailwindcss_oxide::scanner: Reading "E:\\ScriptGo\\README.md"
2026-01-14T02:36:32.110334Z  INFO tailwindcss_oxide::scanner: Reading "E:\\ScriptGo\\app\\editor\\actions.ts"
2026-01-14T02:36:32.110528Z  INFO tailwindcss_oxide::scanner: Reading "E:\\ScriptGo\\app\\login\\actions.ts"
2026-01-14T02:36:32.110574Z  INFO tailwindcss_oxide::scanner: Reading "E:\\ScriptGo\\app\\editor\\page.tsx"
2026-01-14T02:36:32.110603Z  INFO tailwindcss_oxide::scanner: Reading "E:\\ScriptGo\\app\\layout.tsx"
2026-01-14T02:36:32.110624Z  INFO tailwindcss_oxide::scanner: Reading "E:\\ScriptGo\\sites_full.txt"
2026-01-14T02:36:32.109775Z  INFO tailwindcss_oxide::scanner: Reading "E:\\ScriptGo\\status.txt"
2026-01-14T02:36:32.110775Z  INFO tailwindcss_oxide::scanner: Reading "E:\\ScriptGo\\app\\page.tsx"
2026-01-14T02:36:32.110796Z  INFO tailwindcss_oxide::scanner: Reading "E:\\ScriptGo\\app\\login\\page.tsx"
2026-01-14T02:36:32.110879Z  INFO tailwindcss_oxide::scanner: Reading "E:\\ScriptGo\\status_cmd.txt"
2026-01-14T02:36:32.111087Z  INFO extract_candidates:read_all_files: tailwindcss_oxide::scanner: exit
2026-01-14T02:36:32.111125Z  INFO extract_candidates:parse_all_blobs: tailwindcss_oxide::scanner: enter
2026-01-14T02:36:32.111142Z  INFO extract_candidates:parse_all_blobs:extract: tailwindcss_oxide::scanner: enter
2026-01-14T02:36:32.120655Z  INFO extract_candidates:parse_all_blobs:extract: tailwindcss_oxide::scanner: exit
2026-01-14T02:36:32.120768Z  INFO extract_candidates:parse_all_blobs: tailwindcss_oxide::scanner: exit
2026-01-14T02:36:32.120793Z  INFO extract_candidates:read_all_files: tailwindcss_oxide::scanner: enter
2026-01-14T02:36:32.120804Z  INFO extract_candidates:read_all_files: tailwindcss_oxide::scanner: Reading 1 file(s)
2026-01-14T02:36:32.121070Z  INFO extract_candidates:read_all_files: tailwindcss_oxide::scanner: Reading "E:\\ScriptGo\\app\\globals.css"
2026-01-14T02:36:32.121096Z  INFO extract_candidates:read_all_files: tailwindcss_oxide::scanner: exit
2026-01-14T02:36:32.121118Z  INFO extract_candidates:extract_css_variables: tailwindcss_oxide::scanner: enter
2026-01-14T02:36:32.121129Z  INFO extract_candidates:extract_css_variables:extract: tailwindcss_oxide::scanner: enter
2026-01-14T02:36:32.121538Z  INFO extract_candidates:extract_css_variables:extract: tailwindcss_oxide::scanner: exit
2026-01-14T02:36:32.121600Z  INFO extract_candidates:extract_css_variables: tailwindcss_oxide::scanner: exit
2026-01-14T02:36:32.124009Z  INFO extract_candidates: tailwindcss_oxide::scanner: exit
2026-01-14T02:36:32.127813Z  INFO get_files: tailwindcss_oxide::scanner: enter
2026-01-14T02:36:32.127867Z  INFO get_files:scan_sources: tailwindcss_oxide::scanner: enter
2026-01-14T02:36:32.133100Z  INFO get_files:scan_sources: tailwindcss_oxide::scanner: Discovering "E:\\ScriptGo\\app"
2026-01-14T02:36:32.133689Z  INFO get_files:scan_sources: tailwindcss_oxide::scanner: Discovering "E:\\ScriptGo\\app\\auth"
2026-01-14T02:36:32.134269Z  INFO get_files:scan_sources: tailwindcss_oxide::scanner: Discovering "E:\\ScriptGo\\app\\auth\\callback"
2026-01-14T02:36:32.135085Z  INFO get_files:scan_sources: tailwindcss_oxide::scanner: Discovering "E:\\ScriptGo\\app\\calendar"
2026-01-14T02:36:32.135933Z  INFO get_files:scan_sources: tailwindcss_oxide::scanner: Discovering "E:\\ScriptGo\\app\\dashboard"
2026-01-14T02:36:32.136610Z  INFO get_files:scan_sources: tailwindcss_oxide::scanner: Discovering "E:\\ScriptGo\\app\\editor"
2026-01-14T02:36:32.137596Z  INFO get_files:scan_sources: tailwindcss_oxide::scanner: Discovering "E:\\ScriptGo\\app\\login"
2026-01-14T02:36:32.138565Z  INFO get_files:scan_sources: tailwindcss_oxide::scanner: Discovering "E:\\ScriptGo\\components"
2026-01-14T02:36:32.141658Z  INFO get_files:scan_sources: tailwindcss_oxide::scanner: Discovering "E:\\ScriptGo\\public"
2026-01-14T02:36:32.144221Z  INFO get_files:scan_sources: tailwindcss_oxide::scanner: Discovering "E:\\ScriptGo\\utils"
2026-01-14T02:36:32.144752Z  INFO get_files:scan_sources: tailwindcss_oxide::scanner: Discovering "E:\\ScriptGo\\utils\\supabase"
2026-01-14T02:36:32.145640Z  INFO get_files:scan_sources: tailwindcss_oxide::scanner: exit
2026-01-14T02:36:32.145910Z  INFO get_files: tailwindcss_oxide::scanner: exit
2026-01-14T02:36:32.146956Z  INFO get_globs: tailwindcss_oxide::scanner: enter
2026-01-14T02:36:32.146985Z  INFO get_globs:scan_sources: tailwindcss_oxide::scanner: enter
2026-01-14T02:36:32.150516Z  INFO get_globs:scan_sources: tailwindcss_oxide::scanner: Discovering "E:\\ScriptGo\\app"
2026-01-14T02:36:32.150901Z  INFO get_globs:scan_sources: tailwindcss_oxide::scanner: Discovering "E:\\ScriptGo\\app\\auth"
2026-01-14T02:36:32.151221Z  INFO get_globs:scan_sources: tailwindcss_oxide::scanner: Discovering "E:\\ScriptGo\\app\\auth\\callback"
2026-01-14T02:36:32.151832Z  INFO get_globs:scan_sources: tailwindcss_oxide::scanner: Discovering "E:\\ScriptGo\\app\\calendar"
2026-01-14T02:36:32.152388Z  INFO get_globs:scan_sources: tailwindcss_oxide::scanner: Discovering "E:\\ScriptGo\\app\\dashboard"
2026-01-14T02:36:32.152872Z  INFO get_globs:scan_sources: tailwindcss_oxide::scanner: Discovering "E:\\ScriptGo\\app\\editor"
2026-01-14T02:36:32.153599Z  INFO get_globs:scan_sources: tailwindcss_oxide::scanner: Discovering "E:\\ScriptGo\\app\\login"
2026-01-14T02:36:32.154373Z  INFO get_globs:scan_sources: tailwindcss_oxide::scanner: Discovering "E:\\ScriptGo\\components"
2026-01-14T02:36:32.156288Z  INFO get_globs:scan_sources: tailwindcss_oxide::scanner: Discovering "E:\\ScriptGo\\public"
2026-01-14T02:36:32.158076Z  INFO get_globs:scan_sources: tailwindcss_oxide::scanner: Discovering "E:\\ScriptGo\\utils"
2026-01-14T02:36:32.158409Z  INFO get_globs:scan_sources: tailwindcss_oxide::scanner: Discovering "E:\\ScriptGo\\utils\\supabase"
2026-01-14T02:36:32.158997Z  INFO get_globs:scan_sources: tailwindcss_oxide::scanner: exit
2026-01-14T02:36:32.183238Z  INFO get_globs: tailwindcss_oxide::scanner: exit
